<?xml version="1.0" encoding="UTF-8"?>
<!-- Generated by org.testng.reporters.JUnitReportReporter -->
<testsuite hostname="LTIN513317" failures="0" tests="2" name="testCases.TC_005_validate_Ethics_page_information" time="0.342" errors="0" timestamp="2024-04-02T13:41:09 IST" skipped="0">
  <testcase classname="testCases.TC_005_validate_Ethics_page_information" name="printEthicsInfo" time="0.132"/>
  <system-out/>
  <testcase classname="testCases.TC_005_validate_Ethics_page_information" name="printEthicsInfo" time="0.210"/>
  <system-out/>
</testsuite> <!-- testCases.TC_005_validate_Ethics_page_information -->
