<?xml version="1.0" encoding="UTF-8"?>
<!-- Generated by org.testng.reporters.JUnitReportReporter -->
<testsuite hostname="LTIN513317" failures="0" tests="22" name="testCases.TC_004_validate_ResourceLinks" time="108.363" errors="0" timestamp="2024-04-02T13:41:09 IST" skipped="0">
  <testcase classname="testCases.TC_004_validate_ResourceLinks" name="navigateEthics" time="2.705"/>
  <system-out/>
  <testcase classname="testCases.TC_004_validate_ResourceLinks" name="navigateEthics" time="2.634"/>
  <system-out/>
  <testcase classname="testCases.TC_004_validate_ResourceLinks" name="verifyPage" time="0.045"/>
  <system-out/>
  <testcase classname="testCases.TC_004_validate_ResourceLinks" name="verifyPage" time="0.131"/>
  <system-out/>
  <testcase classname="testCases.TC_004_validate_ResourceLinks" name="validateHelpline" time="4.279"/>
  <system-out/>
  <testcase classname="testCases.TC_004_validate_ResourceLinks" name="validateHelpline" time="5.558"/>
  <system-out/>
  <testcase classname="testCases.TC_004_validate_ResourceLinks" name="validateCodeofEthics" time="6.973"/>
  <system-out/>
  <testcase classname="testCases.TC_004_validate_ResourceLinks" name="validateCodeofEthics" time="6.942"/>
  <system-out/>
  <testcase classname="testCases.TC_004_validate_ResourceLinks" name="validateGlobalCorporatePolicies" time="5.852"/>
  <system-out/>
  <testcase classname="testCases.TC_004_validate_ResourceLinks" name="validateGlobalCorporatePolicies" time="5.244"/>
  <system-out/>
  <testcase classname="testCases.TC_004_validate_ResourceLinks" name="validateEthicsandCompliancePolicies" time="7.449"/>
  <system-out/>
  <testcase classname="testCases.TC_004_validate_ResourceLinks" name="validateEthicsandCompliancePolicies" time="5.388"/>
  <system-out/>
  <testcase classname="testCases.TC_004_validate_ResourceLinks" name="validateEthicsandComplianceAmbassadors" time="5.424"/>
  <system-out/>
  <testcase classname="testCases.TC_004_validate_ResourceLinks" name="validateEthicsandComplianceAmbassadors" time="6.159"/>
  <system-out/>
  <testcase classname="testCases.TC_004_validate_ResourceLinks" name="validateEthicsandComplianceProgramOverview" time="6.830"/>
  <system-out/>
  <testcase classname="testCases.TC_004_validate_ResourceLinks" name="validateEthicsandComplianceProgramOverview" time="5.872"/>
  <system-out/>
  <testcase classname="testCases.TC_004_validate_ResourceLinks" name="validateEthicsandCompliancePresentation" time="6.410"/>
  <system-out/>
  <testcase classname="testCases.TC_004_validate_ResourceLinks" name="validateEthicsandCompliancePresentation" time="5.065"/>
  <system-out/>
  <testcase classname="testCases.TC_004_validate_ResourceLinks" name="validateGlobalPrivacy" time="4.867"/>
  <system-out/>
  <testcase classname="testCases.TC_004_validate_ResourceLinks" name="validateGlobalPrivacy" time="5.073"/>
  <system-out/>
  <testcase classname="testCases.TC_004_validate_ResourceLinks" name="validateRegulatoryandBUCompilance" time="4.834"/>
  <system-out/>
  <testcase classname="testCases.TC_004_validate_ResourceLinks" name="validateRegulatoryandBUCompilance" time="4.629"/>
  <system-out/>
</testsuite> <!-- testCases.TC_004_validate_ResourceLinks -->
