<?xml version="1.0" encoding="UTF-8"?>
<!-- Generated by org.testng.reporters.JUnitReportReporter -->
<testsuite hostname="LTIN513317" failures="0" tests="14" name="testCases.TC_002_validate_Headers_and_SubHeaders" time="11.410" errors="0" timestamp="2024-04-02T13:41:09 IST" skipped="0">
  <testcase classname="testCases.TC_002_validate_Headers_and_SubHeaders" name="getHeaders" time="0.860"/>
  <system-out/>
  <testcase classname="testCases.TC_002_validate_Headers_and_SubHeaders" name="getHeaders" time="2.610"/>
  <system-out/>
  <testcase classname="testCases.TC_002_validate_Headers_and_SubHeaders" name="clickCompany" time="0.739"/>
  <system-out/>
  <testcase classname="testCases.TC_002_validate_Headers_and_SubHeaders" name="clickCompany" time="0.984"/>
  <system-out/>
  <testcase classname="testCases.TC_002_validate_Headers_and_SubHeaders" name="clickServicesLines" time="0.750"/>
  <system-out/>
  <testcase classname="testCases.TC_002_validate_Headers_and_SubHeaders" name="clickServicesLines" time="0.981"/>
  <system-out/>
  <testcase classname="testCases.TC_002_validate_Headers_and_SubHeaders" name="clickSalesResources" time="0.626"/>
  <system-out/>
  <testcase classname="testCases.TC_002_validate_Headers_and_SubHeaders" name="clickSalesResources" time="0.463"/>
  <system-out/>
  <testcase classname="testCases.TC_002_validate_Headers_and_SubHeaders" name="clickMarketsandCountries" time="0.614"/>
  <system-out/>
  <testcase classname="testCases.TC_002_validate_Headers_and_SubHeaders" name="clickMarketsandCountries" time="0.372"/>
  <system-out/>
  <testcase classname="testCases.TC_002_validate_Headers_and_SubHeaders" name="clickCorporatefunction" time="0.517"/>
  <system-out/>
  <testcase classname="testCases.TC_002_validate_Headers_and_SubHeaders" name="clickCorporatefunction" time="0.431"/>
  <system-out/>
  <testcase classname="testCases.TC_002_validate_Headers_and_SubHeaders" name="clickPeople" time="0.751"/>
  <system-out/>
  <testcase classname="testCases.TC_002_validate_Headers_and_SubHeaders" name="clickPeople" time="0.712"/>
  <system-out/>
</testsuite> <!-- testCases.TC_002_validate_Headers_and_SubHeaders -->
