<?xml version="1.0" encoding="UTF-8"?>
<!-- Generated by org.testng.reporters.JUnitReportReporter -->
<testsuite hostname="LTIN513317" failures="0" tests="2" name="testCases.TC_003_validate_Ethics_And_Compilance" time="5.415" errors="0" timestamp="2024-04-02T13:41:09 IST" skipped="0">
  <testcase classname="testCases.TC_003_validate_Ethics_And_Compilance" name="verifyEthicsAndCompliance" time="2.704"/>
  <system-out/>
  <testcase classname="testCases.TC_003_validate_Ethics_And_Compilance" name="verifyEthicsAndCompliance" time="2.711"/>
  <system-out/>
</testsuite> <!-- testCases.TC_003_validate_Ethics_And_Compilance -->
